<?xml version="1.0" encoding="UTF-8"?>
<testsuite xmlns:xsi="http://www.w3.org/2001/XMLSchema-instance" xsi:noNamespaceSchemaLocation="https://maven.apache.org/surefire/maven-surefire-plugin/xsd/surefire-test-report.xsd" name="com.example.reggie_waimai.ReggieWaimaiApplicationTests" time="10.776" tests="2" errors="0" skipped="0" failures="0">
  <properties>
[...]
</properties>
  <testcase name="tets" classname="com.example.reggie_waimai.ReggieWaimaiApplicationTests" time="2.238"/>
  <testcase name="contextLoads" classname="com.example.reggie_waimai.ReggieWaimaiApplicationTests" time="0.032"/>
</testsuite>